<?xml version="1.0" encoding="UTF-8"?>
<!-- Generated by org.testng.reporters.JUnitReportReporter -->
<testsuite hostname="PHI-2B2DGL3" failures="0" tests="1" name="training.FirstSeleniumJavaTest" time="10.477" errors="0" timestamp="7 Feb 2023 07:24:48 GMT">
  <testcase classname="training.FirstSeleniumJavaTest" name="TestChromeDriver" time="10.477"/>
</testsuite> <!-- training.FirstSeleniumJavaTest -->
